<?xml version="1.0" encoding="UTF-8"?>
<testsuite xmlns:xsi="http://www.w3.org/2001/XMLSchema-instance" xsi:noNamespaceSchemaLocation="https://maven.apache.org/surefire/maven-surefire-plugin/xsd/surefire-test-report.xsd" version="3.0.2" name="TestSuite" time="5.58" tests="1" errors="0" skipped="0" failures="0">
  <properties>
[...]
</properties>
  <testcase name="verifyConfiguration" classname="com.company.tests.base.ConfigTest" time="0.007">
    <system-out><![CDATA[15:50:21.359 [main] DEBUG org.testng.TestNG -- suiteXmlPath: "/Users/gajendrasaxena/Documents/e2e_automation_framework/e2e/testng.xml"
]]></system-out>
  </testcase>
</testsuite>