<?xml version="1.0" encoding="UTF-8"?>
<testng-results ignored="0" total="0" passed="0" failed="0" skipped="0">
  <reporter-output>
  </reporter-output>
  <suite started-at="2026-09-16T12:02:55 IST" name="E2E Test Suite" finished-at="2026-09-16T12:02:55 IST" duration-ms="9">
    <groups>
    </groups>
    <test started-at="2026-09-16T12:02:55 IST" name="E2E Tests" finished-at="2026-09-16T12:02:55 IST" duration-ms="9">
    </test> <!-- E2E Tests -->
  </suite> <!-- E2E Test Suite -->
</testng-results>
