<?xml version="1.0" encoding="UTF-8"?>
<testng-results ignored="0" total="1" passed="1" failed="0" skipped="0">
  <reporter-output>
  </reporter-output>
  <suite started-at="2026-09-16T15:50:21 IST" name="E2E Test Suite" finished-at="2026-09-16T15:50:21 IST" duration-ms="35">
    <groups>
    </groups>
    <test started-at="2026-09-16T15:50:21 IST" name="E2E Tests" finished-at="2026-09-16T15:50:21 IST" duration-ms="35">
      <class name="com.company.tests.base.ConfigTest">
        <test-method signature="verifyConfiguration()[pri:0, instance:com.company.tests.base.ConfigTest@6572421]" started-at="2026-09-16T15:50:21 IST" name="verifyConfiguration" finished-at="2026-09-16T15:50:21 IST" duration-ms="6" status="PASS">
          <reporter-output>
          </reporter-output>
        </test-method> <!-- verifyConfiguration -->
      </class> <!-- com.company.tests.base.ConfigTest -->
    </test> <!-- E2E Tests -->
  </suite> <!-- E2E Test Suite -->
</testng-results>
